<?xml version="1.0" encoding="UTF-8"?>
<testng-results ignored="70" total="71" passed="0" failed="1" skipped="0">
  <reporter-output>
  </reporter-output>
  <suite started-at="2023-03-10T13:07:52 EST" name="Default suite" finished-at="2023-03-10T13:08:26 EST" duration-ms="34627">
    <groups>
    </groups>
    <test started-at="2023-03-10T13:07:52 EST" name="Default test" finished-at="2023-03-10T13:08:26 EST" duration-ms="34627">
      <class name="com.pwc.productcentral.RegressionTestCases">
        <test-method is-config="true" signature="setUp()[pri:0, instance:com.pwc.productcentral.RegressionTestCases@347bdeef]" started-at="2023-03-10T13:07:52 EST" name="setUp" finished-at="2023-03-10T13:07:52 EST" duration-ms="100" status="PASS">
          <reporter-output>
          </reporter-output>
        </test-method> <!-- setUp -->
        <test-method is-config="true" signature="initTest()[pri:0, instance:com.pwc.productcentral.RegressionTestCases@347bdeef]" started-at="2023-03-10T13:07:52 EST" name="initTest" finished-at="2023-03-10T13:07:52 EST" duration-ms="520" status="PASS">
          <reporter-output>
          </reporter-output>
        </test-method> <!-- initTest -->
        <test-method signature="WEB_63()[pri:0, instance:com.pwc.productcentral.RegressionTestCases@347bdeef]" started-at="2023-03-10T13:07:52 EST" name="WEB_63" finished-at="2023-03-10T13:08:26 EST" duration-ms="34004" status="FAIL">
          <exception class="java.lang.AssertionError">
            <message>
              <![CDATA[Test case failed: Verify that on click of search product bar, the borders of the search bar lights up ]]>
            </message>
            <full-stacktrace>
              <![CDATA[java.lang.AssertionError: Test case failed: Verify that on click of search product bar, the borders of the search bar lights up 
at org.testng.Assert.fail(Assert.java:99)
at com.pwc.productcentral.RegressionTestCases.WEB_63(RegressionTestCases.java:1300)
at java.base/jdk.internal.reflect.DirectMethodHandleAccessor.invoke(DirectMethodHandleAccessor.java:104)
at java.base/java.lang.reflect.Method.invoke(Method.java:577)
at org.testng.internal.MethodInvocationHelper.invokeMethod(MethodInvocationHelper.java:133)
at org.testng.internal.TestInvoker.invokeMethod(TestInvoker.java:598)
at org.testng.internal.TestInvoker.invokeTestMethod(TestInvoker.java:173)
at org.testng.internal.MethodRunner.runInSequence(MethodRunner.java:46)
at org.testng.internal.TestInvoker$MethodInvocationAgent.invoke(TestInvoker.java:824)
at org.testng.internal.TestInvoker.invokeTestMethods(TestInvoker.java:146)
at org.testng.internal.TestMethodWorker.invokeTestMethods(TestMethodWorker.java:146)
at org.testng.internal.TestMethodWorker.run(TestMethodWorker.java:128)
at java.base/java.util.ArrayList.forEach(ArrayList.java:1511)
at org.testng.TestRunner.privateRun(TestRunner.java:794)
at org.testng.TestRunner.run(TestRunner.java:596)
at org.testng.SuiteRunner.runTest(SuiteRunner.java:377)
at org.testng.SuiteRunner.runSequentially(SuiteRunner.java:371)
at org.testng.SuiteRunner.privateRun(SuiteRunner.java:332)
at org.testng.SuiteRunner.run(SuiteRunner.java:276)
at org.testng.SuiteRunnerWorker.runSuite(SuiteRunnerWorker.java:53)
at org.testng.SuiteRunnerWorker.run(SuiteRunnerWorker.java:96)
at org.testng.TestNG.runSuitesSequentially(TestNG.java:1212)
at org.testng.TestNG.runSuitesLocally(TestNG.java:1134)
at org.testng.TestNG.runSuites(TestNG.java:1063)
at org.testng.TestNG.run(TestNG.java:1031)
at org.testng.remote.AbstractRemoteTestNG.run(AbstractRemoteTestNG.java:115)
at org.testng.remote.RemoteTestNG.initAndRun(RemoteTestNG.java:251)
at org.testng.remote.RemoteTestNG.main(RemoteTestNG.java:77)
]]>
            </full-stacktrace>
          </exception> <!-- java.lang.AssertionError -->
          <reporter-output>
          </reporter-output>
        </test-method> <!-- WEB_63 -->
        <test-method is-config="true" signature="closeTabs()[pri:0, instance:com.pwc.productcentral.RegressionTestCases@347bdeef]" started-at="2023-03-10T13:08:26 EST" name="closeTabs" finished-at="2023-03-10T13:08:26 EST" duration-ms="87" status="PASS">
          <reporter-output>
          </reporter-output>
        </test-method> <!-- closeTabs -->
        <test-method is-config="true" signature="closingBrowser()[pri:0, instance:com.pwc.productcentral.RegressionTestCases@347bdeef]" started-at="2023-03-10T13:08:26 EST" name="closingBrowser" finished-at="2023-03-10T13:08:27 EST" duration-ms="211" status="PASS">
          <reporter-output>
          </reporter-output>
        </test-method> <!-- closingBrowser -->
      </class> <!-- com.pwc.productcentral.RegressionTestCases -->
    </test> <!-- Default test -->
  </suite> <!-- Default suite -->
</testng-results>
